Arguments: 
  /Users/Me/.nvm/versions/node/v12.6.0/bin/node /Users/Me/.nvm/versions/node/v12.6.0/bin/yarn add --dev babel-cli babel-register babel-preset-es2015 babel-presets-stage-2

PATH: 
  /some/new/dir:/Users/Me/.nvm/versions/node/v12.6.0/bin:/usr/local/bin:/usr/bin:/bin:/usr/sbin:/sbin:/some/new/dir:/Users/Me/.nvm/versions/node/v12.6.0/bin:/Users/Me/google-cloud-sdk/bin:/Users/Me/.composer/vendor/bin:/usr/local/mysql/bin:/Users/Me/.composer/vendor/bin:/usr/local/mysql/bin

Yarn version: 
  1.17.3

Node version: 
  12.6.0

Platform: 
  darwin x64

Trace: 
  Error: https://registry.yarnpkg.com/babel-presets-stage-2: Not found
      at Request.params.callback [as _callback] (/Users/Me/.nvm/versions/node/v12.6.0/lib/node_modules/yarn/lib/cli.js:66830:18)
      at Request.self.callback (/Users/Me/.nvm/versions/node/v12.6.0/lib/node_modules/yarn/lib/cli.js:140464:22)
      at Request.emit (events.js:203:13)
      at Request.<anonymous> (/Users/Me/.nvm/versions/node/v12.6.0/lib/node_modules/yarn/lib/cli.js:141436:10)
      at Request.emit (events.js:203:13)
      at IncomingMessage.<anonymous> (/Users/Me/.nvm/versions/node/v12.6.0/lib/node_modules/yarn/lib/cli.js:141358:12)
      at Object.onceWrapper (events.js:291:20)
      at IncomingMessage.emit (events.js:208:15)
      at endReadableNT (_stream_readable.js:1154:12)
      at processTicksAndRejections (internal/process/task_queues.js:77:11)

npm manifest: 
  {
    "name": "royal_rumble",
    "version": "1.0.0",
    "description": "Royal Person with Roman Ordinal Name sorter",
    "main": "index.js",
    "author": "Alvin",
    "license": "MIT"
  }

yarn manifest: 
  No manifest

Lockfile: 
  No lockfile
